{"D:\\Project\\Source\\TechnicalEvaluationNanoDev\\backend\\index.ts": {"path":"D:\\Project\\Source\\TechnicalEvaluationNanoDev\\backend\\index.ts","statementMap":{"0":{"start":{"line":1,"column":0},"end":{"line":1,"column":53}},"1":{"start":{"line":2,"column":0},"end":{"line":2,"column":24}},"2":{"start":{"line":3,"column":0},"end":{"line":3,"column":28}},"3":{"start":{"line":4,"column":0},"end":{"line":4,"column":36}},"4":{"start":{"line":5,"column":0},"end":{"line":5,"column":59}},"5":{"start":{"line":6,"column":0},"end":{"line":6,"column":45}},"6":{"start":{"line":7,"column":0},"end":{"line":7,"column":41}},"7":{"start":{"line":9,"column":0},"end":{"line":9,"column":16}},"8":{"start":{"line":11,"column":13},"end":{"line":11,"column":29}},"9":{"start":{"line":13,"column":13},"end":{"line":13,"column":37}},"10":{"start":{"line":16,"column":0},"end":{"line":16,"column":24}},"11":{"start":{"line":17,"column":0},"end":{"line":17,"column":16}},"12":{"start":{"line":20,"column":0},"end":{"line":20,"column":35}},"13":{"start":{"line":22,"column":0},"end":{"line":24,"column":3}},"14":{"start":{"line":23,"column":4},"end":{"line":23,"column":50}},"15":{"start":{"line":27,"column":15},"end":{"line":27,"column":32}},"16":{"start":{"line":30,"column":0},"end":{"line":30,"column":19}},"17":{"start":{"line":33,"column":0},"end":{"line":35,"column":3}},"18":{"start":{"line":34,"column":4},"end":{"line":34,"column":67}}},"fnMap":{"0":{"name":"(anonymous_1)","decl":{"start":{"line":22,"column":13},"end":{"line":22,"column":14}},"loc":{"start":{"line":22,"column":45},"end":{"line":24,"column":1}}},"1":{"name":"(anonymous_2)","decl":{"start":{"line":33,"column":20},"end":{"line":33,"column":23}},"loc":{"start":{"line":33,"column":25},"end":{"line":35,"column":1}}}},"branchMap":{"0":{"loc":{"start":{"line":13,"column":13},"end":{"line":13,"column":37}},"type":"binary-expr","locations":[{"start":{"line":13,"column":13},"end":{"line":13,"column":29}},{"start":{"line":13,"column":33},"end":{"line":13,"column":37}}]}},"s":{"0":1,"1":1,"2":1,"3":1,"4":1,"5":1,"6":1,"7":1,"8":1,"9":1,"10":1,"11":1,"12":1,"13":1,"14":0,"15":1,"16":1,"17":1,"18":1},"f":{"0":0,"1":1},"b":{"0":[1,0]}}
,"D:\\Project\\Source\\TechnicalEvaluationNanoDev\\backend\\config\\socket.ts": {"path":"D:\\Project\\Source\\TechnicalEvaluationNanoDev\\backend\\config\\socket.ts","statementMap":{"0":{"start":{"line":1,"column":0},"end":{"line":1,"column":43}},"1":{"start":{"line":5,"column":23},"end":{"line":8,"column":2}},"2":{"start":{"line":10,"column":19},"end":{"line":45,"column":1}},"3":{"start":{"line":11,"column":2},"end":{"line":24,"column":5}},"4":{"start":{"line":14,"column":8},"end":{"line":19,"column":9}},"5":{"start":{"line":15,"column":10},"end":{"line":15,"column":31}},"6":{"start":{"line":17,"column":10},"end":{"line":17,"column":59}},"7":{"start":{"line":18,"column":10},"end":{"line":18,"column":53}},"8":{"start":{"line":26,"column":2},"end":{"line":42,"column":5}},"9":{"start":{"line":27,"column":4},"end":{"line":27,"column":53}},"10":{"start":{"line":29,"column":4},"end":{"line":32,"column":7}},"11":{"start":{"line":30,"column":6},"end":{"line":30,"column":52}},"12":{"start":{"line":31,"column":6},"end":{"line":31,"column":26}},"13":{"start":{"line":34,"column":4},"end":{"line":37,"column":7}},"14":{"start":{"line":35,"column":6},"end":{"line":35,"column":42}},"15":{"start":{"line":36,"column":6},"end":{"line":36,"column":38}},"16":{"start":{"line":39,"column":4},"end":{"line":41,"column":7}},"17":{"start":{"line":40,"column":6},"end":{"line":40,"column":79}},"18":{"start":{"line":44,"column":2},"end":{"line":44,"column":12}},"19":{"start":{"line":56,"column":9},"end":{"line":56,"column":19}},"20":{"start":{"line":47,"column":18},"end":{"line":54,"column":1}},"21":{"start":{"line":48,"column":2},"end":{"line":52,"column":3}},"22":{"start":{"line":49,"column":4},"end":{"line":51,"column":6}},"23":{"start":{"line":53,"column":2},"end":{"line":53,"column":12}},"24":{"start":{"line":56,"column":21},"end":{"line":56,"column":30}}},"fnMap":{"0":{"name":"(anonymous_0)","decl":{"start":{"line":10,"column":19},"end":{"line":10,"column":20}},"loc":{"start":{"line":10,"column":43},"end":{"line":45,"column":1}}},"1":{"name":"(anonymous_1)","decl":{"start":{"line":13,"column":14},"end":{"line":13,"column":15}},"loc":{"start":{"line":13,"column":35},"end":{"line":20,"column":7}}},"2":{"name":"(anonymous_2)","decl":{"start":{"line":26,"column":22},"end":{"line":26,"column":23}},"loc":{"start":{"line":26,"column":41},"end":{"line":42,"column":3}}},"3":{"name":"(anonymous_3)","decl":{"start":{"line":29,"column":29},"end":{"line":29,"column":30}},"loc":{"start":{"line":29,"column":47},"end":{"line":32,"column":5}}},"4":{"name":"(anonymous_4)","decl":{"start":{"line":34,"column":29},"end":{"line":34,"column":30}},"loc":{"start":{"line":34,"column":43},"end":{"line":37,"column":5}}},"5":{"name":"(anonymous_5)","decl":{"start":{"line":39,"column":28},"end":{"line":39,"column":29}},"loc":{"start":{"line":39,"column":47},"end":{"line":41,"column":5}}},"6":{"name":"(anonymous_6)","decl":{"start":{"line":47,"column":18},"end":{"line":47,"column":29}},"loc":{"start":{"line":47,"column":31},"end":{"line":54,"column":1}}}},"branchMap":{"0":{"loc":{"start":{"line":14,"column":8},"end":{"line":19,"column":9}},"type":"if","locations":[{"start":{"line":14,"column":8},"end":{"line":19,"column":9}},{"start":{"line":16,"column":15},"end":{"line":19,"column":9}}]},"1":{"loc":{"start":{"line":14,"column":12},"end":{"line":14,"column":54}},"type":"binary-expr","locations":[{"start":{"line":14,"column":12},"end":{"line":14,"column":19}},{"start":{"line":14,"column":23},"end":{"line":14,"column":54}}]},"2":{"loc":{"start":{"line":48,"column":2},"end":{"line":52,"column":3}},"type":"if","locations":[{"start":{"line":48,"column":2},"end":{"line":52,"column":3}}]}},"s":{"0":1,"1":1,"2":1,"3":1,"4":19,"5":19,"6":0,"7":0,"8":1,"9":4,"10":4,"11":0,"12":0,"13":4,"14":0,"15":0,"16":4,"17":0,"18":1,"19":1,"20":1,"21":0,"22":0,"23":0,"24":1},"f":{"0":1,"1":19,"2":4,"3":0,"4":0,"5":0,"6":0},"b":{"0":[19,0],"1":[19,19],"2":[0]}}
,"D:\\Project\\Source\\TechnicalEvaluationNanoDev\\backend\\controllers\\transactionController.ts": {"path":"D:\\Project\\Source\\TechnicalEvaluationNanoDev\\backend\\controllers\\transactionController.ts","statementMap":{"0":{"start":{"line":2,"column":0},"end":{"line":2,"column":36}},"1":{"start":{"line":3,"column":0},"end":{"line":3,"column":31}},"2":{"start":{"line":4,"column":24},"end":{"line":4,"column":44}},"3":{"start":{"line":6,"column":0},"end":{"line":6,"column":58}},"4":{"start":{"line":15,"column":54},"end":{"line":36,"column":2}},"5":{"start":{"line":15,"column":73},"end":{"line":36,"column":2}},"6":{"start":{"line":16,"column":2},"end":{"line":35,"column":3}},"7":{"start":{"line":17,"column":57},"end":{"line":17,"column":65}},"8":{"start":{"line":19,"column":28},"end":{"line":19,"column":72}},"9":{"start":{"line":20,"column":4},"end":{"line":22,"column":5}},"10":{"start":{"line":21,"column":7},"end":{"line":21,"column":45}},"11":{"start":{"line":24,"column":24},"end":{"line":31,"column":6}},"12":{"start":{"line":32,"column":4},"end":{"line":32,"column":38}},"13":{"start":{"line":34,"column":4},"end":{"line":34,"column":66}},"14":{"start":{"line":15,"column":13},"end":{"line":15,"column":54}},"15":{"start":{"line":38,"column":54},"end":{"line":62,"column":2}},"16":{"start":{"line":38,"column":73},"end":{"line":62,"column":2}},"17":{"start":{"line":39,"column":2},"end":{"line":61,"column":3}},"18":{"start":{"line":40,"column":19},"end":{"line":40,"column":29}},"19":{"start":{"line":41,"column":20},"end":{"line":41,"column":28}},"20":{"start":{"line":43,"column":24},"end":{"line":43,"column":54}},"21":{"start":{"line":44,"column":4},"end":{"line":46,"column":5}},"22":{"start":{"line":45,"column":7},"end":{"line":45,"column":64}},"23":{"start":{"line":48,"column":28},"end":{"line":51,"column":null}},"24":{"start":{"line":53,"column":4},"end":{"line":55,"column":5}},"25":{"start":{"line":54,"column":7},"end":{"line":54,"column":45}},"26":{"start":{"line":57,"column":4},"end":{"line":57,"column":38}},"27":{"start":{"line":58,"column":4},"end":{"line":58,"column":26}},"28":{"start":{"line":60,"column":4},"end":{"line":60,"column":66}},"29":{"start":{"line":38,"column":13},"end":{"line":38,"column":54}},"30":{"start":{"line":64,"column":55},"end":{"line":71,"column":2}},"31":{"start":{"line":64,"column":74},"end":{"line":71,"column":2}},"32":{"start":{"line":65,"column":2},"end":{"line":70,"column":3}},"33":{"start":{"line":66,"column":25},"end":{"line":66,"column":52}},"34":{"start":{"line":67,"column":4},"end":{"line":67,"column":27}},"35":{"start":{"line":69,"column":4},"end":{"line":69,"column":67}},"36":{"start":{"line":64,"column":13},"end":{"line":64,"column":55}},"37":{"start":{"line":73,"column":55},"end":{"line":86,"column":2}},"38":{"start":{"line":73,"column":74},"end":{"line":86,"column":2}},"39":{"start":{"line":74,"column":2},"end":{"line":85,"column":3}},"40":{"start":{"line":75,"column":19},"end":{"line":75,"column":29}},"41":{"start":{"line":76,"column":24},"end":{"line":76,"column":54}},"42":{"start":{"line":78,"column":4},"end":{"line":80,"column":5}},"43":{"start":{"line":79,"column":7},"end":{"line":79,"column":64}},"44":{"start":{"line":82,"column":4},"end":{"line":82,"column":26}},"45":{"start":{"line":84,"column":4},"end":{"line":84,"column":66}},"46":{"start":{"line":73,"column":13},"end":{"line":73,"column":55}},"47":{"start":{"line":88,"column":63},"end":{"line":108,"column":2}},"48":{"start":{"line":91,"column":4},"end":{"line":108,"column":2}},"49":{"start":{"line":92,"column":2},"end":{"line":107,"column":3}},"50":{"start":{"line":93,"column":35},"end":{"line":93,"column":44}},"51":{"start":{"line":94,"column":18},"end":{"line":94,"column":51}},"52":{"start":{"line":95,"column":16},"end":{"line":95,"column":54}},"53":{"start":{"line":97,"column":25},"end":{"line":103,"column":6}},"54":{"start":{"line":104,"column":4},"end":{"line":104,"column":27}},"55":{"start":{"line":106,"column":4},"end":{"line":106,"column":81}},"56":{"start":{"line":88,"column":13},"end":{"line":88,"column":63}}},"fnMap":{"0":{"name":"(anonymous_7)","decl":{"start":{"line":15,"column":54},"end":{"line":15,"column":61}},"loc":{"start":{"line":15,"column":73},"end":{"line":36,"column":2}}},"1":{"name":"(anonymous_8)","decl":{"start":{"line":15,"column":73},"end":{"line":15,"column":null}},"loc":{"start":{"line":15,"column":73},"end":{"line":36,"column":1}}},"2":{"name":"(anonymous_9)","decl":{"start":{"line":38,"column":54},"end":{"line":38,"column":61}},"loc":{"start":{"line":38,"column":73},"end":{"line":62,"column":2}}},"3":{"name":"(anonymous_10)","decl":{"start":{"line":38,"column":73},"end":{"line":38,"column":null}},"loc":{"start":{"line":38,"column":73},"end":{"line":62,"column":1}}},"4":{"name":"(anonymous_11)","decl":{"start":{"line":64,"column":55},"end":{"line":64,"column":62}},"loc":{"start":{"line":64,"column":74},"end":{"line":71,"column":2}}},"5":{"name":"(anonymous_12)","decl":{"start":{"line":64,"column":74},"end":{"line":64,"column":null}},"loc":{"start":{"line":64,"column":74},"end":{"line":71,"column":1}}},"6":{"name":"(anonymous_13)","decl":{"start":{"line":73,"column":55},"end":{"line":73,"column":62}},"loc":{"start":{"line":73,"column":74},"end":{"line":86,"column":2}}},"7":{"name":"(anonymous_14)","decl":{"start":{"line":73,"column":74},"end":{"line":73,"column":null}},"loc":{"start":{"line":73,"column":74},"end":{"line":86,"column":1}}},"8":{"name":"(anonymous_15)","decl":{"start":{"line":88,"column":63},"end":{"line":88,"column":null}},"loc":{"start":{"line":91,"column":4},"end":{"line":108,"column":2}}},"9":{"name":"(anonymous_16)","decl":{"start":{"line":91,"column":4},"end":{"line":91,"column":null}},"loc":{"start":{"line":91,"column":4},"end":{"line":108,"column":1}}}},"branchMap":{"0":{"loc":{"start":{"line":20,"column":4},"end":{"line":22,"column":5}},"type":"if","locations":[{"start":{"line":20,"column":4},"end":{"line":22,"column":5}}]},"1":{"loc":{"start":{"line":44,"column":4},"end":{"line":46,"column":5}},"type":"if","locations":[{"start":{"line":44,"column":4},"end":{"line":46,"column":5}}]},"2":{"loc":{"start":{"line":53,"column":4},"end":{"line":55,"column":5}},"type":"if","locations":[{"start":{"line":53,"column":4},"end":{"line":55,"column":5}}]},"3":{"loc":{"start":{"line":78,"column":4},"end":{"line":80,"column":5}},"type":"if","locations":[{"start":{"line":78,"column":4},"end":{"line":80,"column":5}}]},"4":{"loc":{"start":{"line":94,"column":18},"end":{"line":94,"column":51}},"type":"cond-expr","locations":[{"start":{"line":94,"column":30},"end":{"line":94,"column":47}},{"start":{"line":94,"column":50},"end":{"line":94,"column":51}}]},"5":{"loc":{"start":{"line":95,"column":16},"end":{"line":95,"column":54}},"type":"cond-expr","locations":[{"start":{"line":95,"column":26},"end":{"line":95,"column":41}},{"start":{"line":95,"column":44},"end":{"line":95,"column":54}}]}},"s":{"0":1,"1":1,"2":1,"3":1,"4":1,"5":0,"6":0,"7":0,"8":0,"9":0,"10":0,"11":0,"12":0,"13":0,"14":1,"15":1,"16":0,"17":0,"18":0,"19":0,"20":0,"21":0,"22":0,"23":0,"24":0,"25":0,"26":0,"27":0,"28":0,"29":1,"30":1,"31":1,"32":1,"33":1,"34":1,"35":0,"36":1,"37":1,"38":0,"39":0,"40":0,"41":0,"42":0,"43":0,"44":0,"45":0,"46":1,"47":1,"48":0,"49":0,"50":0,"51":0,"52":0,"53":0,"54":0,"55":0,"56":1},"f":{"0":0,"1":0,"2":0,"3":0,"4":1,"5":1,"6":0,"7":0,"8":0,"9":0},"b":{"0":[0],"1":[0],"2":[0],"3":[0],"4":[0,0],"5":[0,0]}}
,"D:\\Project\\Source\\TechnicalEvaluationNanoDev\\backend\\models\\index.js": {"path":"D:\\Project\\Source\\TechnicalEvaluationNanoDev\\backend\\models\\index.js","statementMap":{"0":{"start":{"line":3,"column":11},"end":{"line":3,"column":24}},"1":{"start":{"line":4,"column":13},"end":{"line":4,"column":28}},"2":{"start":{"line":5,"column":18},"end":{"line":5,"column":38}},"3":{"start":{"line":6,"column":16},"end":{"line":6,"column":34}},"4":{"start":{"line":7,"column":17},"end":{"line":7,"column":42}},"5":{"start":{"line":8,"column":12},"end":{"line":8,"column":49}},"6":{"start":{"line":9,"column":15},"end":{"line":9,"column":65}},"7":{"start":{"line":10,"column":11},"end":{"line":10,"column":13}},"8":{"start":{"line":13,"column":0},"end":{"line":17,"column":1}},"9":{"start":{"line":14,"column":2},"end":{"line":14,"column":74}},"10":{"start":{"line":16,"column":2},"end":{"line":16,"column":87}},"11":{"start":{"line":19,"column":0},"end":{"line":32,"column":5}},"12":{"start":{"line":22,"column":4},"end":{"line":27,"column":6}},"13":{"start":{"line":30,"column":18},"end":{"line":30,"column":85}},"14":{"start":{"line":31,"column":4},"end":{"line":31,"column":27}},"15":{"start":{"line":34,"column":0},"end":{"line":38,"column":3}},"16":{"start":{"line":35,"column":2},"end":{"line":37,"column":3}},"17":{"start":{"line":36,"column":4},"end":{"line":36,"column":32}},"18":{"start":{"line":40,"column":0},"end":{"line":40,"column":25}},"19":{"start":{"line":41,"column":0},"end":{"line":41,"column":25}},"20":{"start":{"line":43,"column":0},"end":{"line":43,"column":20}}},"fnMap":{"0":{"name":"(anonymous_0)","decl":{"start":{"line":21,"column":10},"end":{"line":21,"column":11}},"loc":{"start":{"line":21,"column":18},"end":{"line":28,"column":3}},"line":21},"1":{"name":"(anonymous_1)","decl":{"start":{"line":29,"column":11},"end":{"line":29,"column":12}},"loc":{"start":{"line":29,"column":19},"end":{"line":32,"column":3}},"line":29},"2":{"name":"(anonymous_2)","decl":{"start":{"line":34,"column":24},"end":{"line":34,"column":25}},"loc":{"start":{"line":34,"column":37},"end":{"line":38,"column":1}},"line":34}},"branchMap":{"0":{"loc":{"start":{"line":8,"column":12},"end":{"line":8,"column":49}},"type":"binary-expr","locations":[{"start":{"line":8,"column":12},"end":{"line":8,"column":32}},{"start":{"line":8,"column":36},"end":{"line":8,"column":49}}],"line":8},"1":{"loc":{"start":{"line":13,"column":0},"end":{"line":17,"column":1}},"type":"if","locations":[{"start":{"line":13,"column":0},"end":{"line":17,"column":1}},{"start":{"line":15,"column":7},"end":{"line":17,"column":1}}],"line":13},"2":{"loc":{"start":{"line":23,"column":6},"end":{"line":26,"column":37}},"type":"binary-expr","locations":[{"start":{"line":23,"column":6},"end":{"line":23,"column":29}},{"start":{"line":24,"column":6},"end":{"line":24,"column":23}},{"start":{"line":25,"column":6},"end":{"line":25,"column":30}},{"start":{"line":26,"column":6},"end":{"line":26,"column":37}}],"line":23},"3":{"loc":{"start":{"line":35,"column":2},"end":{"line":37,"column":3}},"type":"if","locations":[{"start":{"line":35,"column":2},"end":{"line":37,"column":3}},{"start":{},"end":{}}],"line":35}},"s":{"0":1,"1":1,"2":1,"3":1,"4":1,"5":1,"6":1,"7":1,"8":1,"9":0,"10":1,"11":1,"12":2,"13":1,"14":1,"15":1,"16":1,"17":0,"18":1,"19":1,"20":1},"f":{"0":2,"1":1,"2":1},"b":{"0":[1,0],"1":[0,1],"2":[2,2,1,1],"3":[0,1]},"inputSourceMap":null,"_coverageSchema":"1a1c01bbd47fc00a2c39e90264f33305004495a9","hash":"13b7da64903ebd0031f33d048a989b73c8d35f9d"}
,"D:\\Project\\Source\\TechnicalEvaluationNanoDev\\backend\\models\\transaction.js": {"path":"D:\\Project\\Source\\TechnicalEvaluationNanoDev\\backend\\models\\transaction.js","statementMap":{"0":{"start":{"line":3,"column":0},"end":{"line":47,"column":2}},"1":{"start":{"line":4,"column":22},"end":{"line":42,"column":4}},"2":{"start":{"line":46,"column":2},"end":{"line":46,"column":21}}},"fnMap":{"0":{"name":"(anonymous_0)","decl":{"start":{"line":3,"column":17},"end":{"line":3,"column":18}},"loc":{"start":{"line":3,"column":43},"end":{"line":47,"column":1}},"line":3}},"branchMap":{},"s":{"0":1,"1":1,"2":1},"f":{"0":1},"b":{},"inputSourceMap":null,"_coverageSchema":"1a1c01bbd47fc00a2c39e90264f33305004495a9","hash":"4d0c517529f95de7f9c338c2998de8e6111a2f20"}
,"D:\\Project\\Source\\TechnicalEvaluationNanoDev\\backend\\routes\\transactionRoutes.ts": {"path":"D:\\Project\\Source\\TechnicalEvaluationNanoDev\\backend\\routes\\transactionRoutes.ts","statementMap":{"0":{"start":{"line":1,"column":0},"end":{"line":1,"column":33}},"1":{"start":{"line":2,"column":0},"end":{"line":2,"column":null}},"2":{"start":{"line":10,"column":15},"end":{"line":10,"column":23}},"3":{"start":{"line":12,"column":0},"end":{"line":12,"column":48}},"4":{"start":{"line":13,"column":0},"end":{"line":13,"column":51}},"5":{"start":{"line":14,"column":0},"end":{"line":14,"column":48}},"6":{"start":{"line":15,"column":0},"end":{"line":15,"column":67}},"7":{"start":{"line":16,"column":0},"end":{"line":16,"column":52}},"8":{"start":{"line":18,"column":0},"end":{"line":18,"column":22}}},"fnMap":{},"branchMap":{},"s":{"0":1,"1":1,"2":1,"3":1,"4":1,"5":1,"6":1,"7":1,"8":1},"f":{},"b":{}}
,"D:\\Project\\Source\\TechnicalEvaluationNanoDev\\backend\\services\\transactionScheduler.ts": {"path":"D:\\Project\\Source\\TechnicalEvaluationNanoDev\\backend\\services\\transactionScheduler.ts","statementMap":{"0":{"start":{"line":1,"column":0},"end":{"line":1,"column":37}},"1":{"start":{"line":2,"column":0},"end":{"line":2,"column":36}},"2":{"start":{"line":3,"column":24},"end":{"line":3,"column":44}},"3":{"start":{"line":4,"column":22},"end":{"line":4,"column":49}},"4":{"start":{"line":6,"column":32},"end":{"line":15,"column":1}},"5":{"start":{"line":7,"column":2},"end":{"line":14,"column":4}},"6":{"start":{"line":68,"column":9},"end":{"line":68,"column":32}},"7":{"start":{"line":17,"column":27},"end":{"line":45,"column":2}},"8":{"start":{"line":17,"column":54},"end":{"line":45,"column":2}},"9":{"start":{"line":18,"column":2},"end":{"line":44,"column":3}},"10":{"start":{"line":20,"column":31},"end":{"line":22,"column":null}},"11":{"start":{"line":25,"column":4},"end":{"line":28,"column":6}},"12":{"start":{"line":30,"column":4},"end":{"line":33,"column":5}},"13":{"start":{"line":31,"column":6},"end":{"line":31,"column":83}},"14":{"start":{"line":32,"column":6},"end":{"line":32,"column":13}},"15":{"start":{"line":36,"column":19},"end":{"line":36,"column":30}},"16":{"start":{"line":37,"column":4},"end":{"line":41,"column":5}},"17":{"start":{"line":38,"column":6},"end":{"line":38,"column":66}},"18":{"start":{"line":40,"column":6},"end":{"line":40,"column":87}},"19":{"start":{"line":43,"column":4},"end":{"line":43,"column":58}},"20":{"start":{"line":68,"column":34},"end":{"line":68,"column":52}},"21":{"start":{"line":48,"column":0},"end":{"line":66,"column":3}},"22":{"start":{"line":48,"column":47},"end":{"line":66,"column":2}},"23":{"start":{"line":49,"column":2},"end":{"line":65,"column":3}},"24":{"start":{"line":50,"column":28},"end":{"line":50,"column":53}},"25":{"start":{"line":51,"column":24},"end":{"line":51,"column":65}},"26":{"start":{"line":54,"column":19},"end":{"line":54,"column":30}},"27":{"start":{"line":55,"column":4},"end":{"line":59,"column":5}},"28":{"start":{"line":56,"column":6},"end":{"line":56,"column":64}},"29":{"start":{"line":58,"column":6},"end":{"line":58,"column":85}},"30":{"start":{"line":62,"column":4},"end":{"line":62,"column":61}},"31":{"start":{"line":62,"column":21},"end":{"line":62,"column":52}},"32":{"start":{"line":64,"column":4},"end":{"line":64,"column":61}}},"fnMap":{"0":{"name":"(anonymous_8)","decl":{"start":{"line":6,"column":32},"end":{"line":6,"column":35}},"loc":{"start":{"line":6,"column":37},"end":{"line":15,"column":1}}},"1":{"name":"(anonymous_9)","decl":{"start":{"line":17,"column":27},"end":{"line":17,"column":34}},"loc":{"start":{"line":17,"column":54},"end":{"line":45,"column":2}}},"2":{"name":"(anonymous_10)","decl":{"start":{"line":17,"column":54},"end":{"line":17,"column":null}},"loc":{"start":{"line":17,"column":54},"end":{"line":45,"column":1}}},"3":{"name":"(anonymous_11)","decl":{"start":{"line":48,"column":36},"end":{"line":48,"column":45}},"loc":{"start":{"line":48,"column":47},"end":{"line":66,"column":2}}},"4":{"name":"(anonymous_12)","decl":{"start":{"line":48,"column":47},"end":{"line":48,"column":null}},"loc":{"start":{"line":48,"column":47},"end":{"line":66,"column":1}}},"5":{"name":"(anonymous_13)","decl":{"start":{"line":62,"column":15},"end":{"line":62,"column":18}},"loc":{"start":{"line":62,"column":21},"end":{"line":62,"column":52}}}},"branchMap":{"0":{"loc":{"start":{"line":30,"column":4},"end":{"line":33,"column":5}},"type":"if","locations":[{"start":{"line":30,"column":4},"end":{"line":33,"column":5}}]},"1":{"loc":{"start":{"line":37,"column":4},"end":{"line":41,"column":5}},"type":"if","locations":[{"start":{"line":37,"column":4},"end":{"line":41,"column":5}},{"start":{"line":39,"column":11},"end":{"line":41,"column":5}}]},"2":{"loc":{"start":{"line":55,"column":4},"end":{"line":59,"column":5}},"type":"if","locations":[{"start":{"line":55,"column":4},"end":{"line":59,"column":5}},{"start":{"line":57,"column":11},"end":{"line":59,"column":5}}]}},"s":{"0":1,"1":1,"2":1,"3":1,"4":1,"5":0,"6":1,"7":1,"8":0,"9":0,"10":0,"11":0,"12":0,"13":0,"14":0,"15":0,"16":0,"17":0,"18":0,"19":0,"20":1,"21":1,"22":0,"23":0,"24":0,"25":0,"26":0,"27":0,"28":0,"29":0,"30":0,"31":0,"32":0},"f":{"0":0,"1":0,"2":0,"3":0,"4":0,"5":0},"b":{"0":[0],"1":[0,0],"2":[0,0]}}
,"D:\\Project\\Source\\TechnicalEvaluationNanoDev\\backend\\utils\\validation.ts": {"path":"D:\\Project\\Source\\TechnicalEvaluationNanoDev\\backend\\utils\\validation.ts","statementMap":{"0":{"start":{"line":1,"column":35},"end":{"line":16,"column":1}},"1":{"start":{"line":6,"column":2},"end":{"line":8,"column":3}},"2":{"start":{"line":7,"column":4},"end":{"line":7,"column":50}},"3":{"start":{"line":9,"column":2},"end":{"line":11,"column":3}},"4":{"start":{"line":10,"column":4},"end":{"line":10,"column":41}},"5":{"start":{"line":12,"column":2},"end":{"line":14,"column":3}},"6":{"start":{"line":13,"column":4},"end":{"line":13,"column":39}},"7":{"start":{"line":15,"column":2},"end":{"line":15,"column":14}},"8":{"start":{"line":1,"column":13},"end":{"line":1,"column":35}}},"fnMap":{"0":{"name":"(anonymous_0)","decl":{"start":{"line":1,"column":35},"end":{"line":1,"column":null}},"loc":{"start":{"line":5,"column":4},"end":{"line":16,"column":1}}}},"branchMap":{"0":{"loc":{"start":{"line":6,"column":2},"end":{"line":8,"column":3}},"type":"if","locations":[{"start":{"line":6,"column":2},"end":{"line":8,"column":3}}]},"1":{"loc":{"start":{"line":6,"column":6},"end":{"line":6,"column":45}},"type":"binary-expr","locations":[{"start":{"line":6,"column":6},"end":{"line":6,"column":31}},{"start":{"line":6,"column":35},"end":{"line":6,"column":45}}]},"2":{"loc":{"start":{"line":9,"column":2},"end":{"line":11,"column":3}},"type":"if","locations":[{"start":{"line":9,"column":2},"end":{"line":11,"column":3}}]},"3":{"loc":{"start":{"line":9,"column":6},"end":{"line":9,"column":60}},"type":"binary-expr","locations":[{"start":{"line":9,"column":6},"end":{"line":9,"column":34}},{"start":{"line":9,"column":38},"end":{"line":9,"column":60}}]},"4":{"loc":{"start":{"line":12,"column":2},"end":{"line":14,"column":3}},"type":"if","locations":[{"start":{"line":12,"column":2},"end":{"line":14,"column":3}}]},"5":{"loc":{"start":{"line":12,"column":6},"end":{"line":12,"column":56}},"type":"binary-expr","locations":[{"start":{"line":12,"column":6},"end":{"line":12,"column":32}},{"start":{"line":12,"column":36},"end":{"line":12,"column":56}}]}},"s":{"0":1,"1":0,"2":0,"3":0,"4":0,"5":0,"6":0,"7":0,"8":1},"f":{"0":0},"b":{"0":[0],"1":[0,0],"2":[0],"3":[0,0],"4":[0],"5":[0,0]}}
}
