TN:
SF:index.ts
FN:22,(anonymous_1)
FN:33,(anonymous_2)
FNF:2
FNH:1
FNDA:0,(anonymous_1)
FNDA:1,(anonymous_2)
DA:1,1
DA:2,1
DA:3,1
DA:4,1
DA:5,1
DA:6,1
DA:7,1
DA:9,1
DA:11,1
DA:13,1
DA:16,1
DA:17,1
DA:20,1
DA:22,1
DA:23,0
DA:27,1
DA:30,1
DA:33,1
DA:34,1
LF:19
LH:18
BRDA:13,0,0,1
BRDA:13,0,1,0
BRF:2
BRH:1
end_of_record
TN:
SF:config\socket.ts
FN:10,(anonymous_0)
FN:13,(anonymous_1)
FN:26,(anonymous_2)
FN:29,(anonymous_3)
FN:34,(anonymous_4)
FN:39,(anonymous_5)
FN:47,(anonymous_6)
FNF:7
FNH:3
FNDA:1,(anonymous_0)
FNDA:19,(anonymous_1)
FNDA:4,(anonymous_2)
FNDA:0,(anonymous_3)
FNDA:0,(anonymous_4)
FNDA:0,(anonymous_5)
FNDA:0,(anonymous_6)
DA:1,1
DA:5,1
DA:10,1
DA:11,1
DA:14,19
DA:15,19
DA:17,0
DA:18,0
DA:26,1
DA:27,4
DA:29,4
DA:30,0
DA:31,0
DA:34,4
DA:35,0
DA:36,0
DA:39,4
DA:40,0
DA:44,1
DA:47,1
DA:48,0
DA:49,0
DA:53,0
DA:56,1
LF:24
LH:14
BRDA:14,0,0,19
BRDA:14,0,1,0
BRDA:14,1,0,19
BRDA:14,1,1,19
BRDA:48,2,0,0
BRF:5
BRH:3
end_of_record
TN:
SF:controllers\transactionController.ts
FN:15,(anonymous_7)
FN:15,(anonymous_8)
FN:38,(anonymous_9)
FN:38,(anonymous_10)
FN:64,(anonymous_11)
FN:64,(anonymous_12)
FN:73,(anonymous_13)
FN:73,(anonymous_14)
FN:88,(anonymous_15)
FN:91,(anonymous_16)
FNF:10
FNH:2
FNDA:0,(anonymous_7)
FNDA:0,(anonymous_8)
FNDA:0,(anonymous_9)
FNDA:0,(anonymous_10)
FNDA:1,(anonymous_11)
FNDA:1,(anonymous_12)
FNDA:0,(anonymous_13)
FNDA:0,(anonymous_14)
FNDA:0,(anonymous_15)
FNDA:0,(anonymous_16)
DA:2,1
DA:3,1
DA:4,1
DA:6,1
DA:15,1
DA:16,0
DA:17,0
DA:19,0
DA:20,0
DA:21,0
DA:24,0
DA:32,0
DA:34,0
DA:38,1
DA:39,0
DA:40,0
DA:41,0
DA:43,0
DA:44,0
DA:45,0
DA:48,0
DA:53,0
DA:54,0
DA:57,0
DA:58,0
DA:60,0
DA:64,1
DA:65,1
DA:66,1
DA:67,1
DA:69,0
DA:73,1
DA:74,0
DA:75,0
DA:76,0
DA:78,0
DA:79,0
DA:82,0
DA:84,0
DA:88,1
DA:91,0
DA:92,0
DA:93,0
DA:94,0
DA:95,0
DA:97,0
DA:104,0
DA:106,0
LF:48
LH:12
BRDA:20,0,0,0
BRDA:44,1,0,0
BRDA:53,2,0,0
BRDA:78,3,0,0
BRDA:94,4,0,0
BRDA:94,4,1,0
BRDA:95,5,0,0
BRDA:95,5,1,0
BRF:8
BRH:0
end_of_record
TN:
SF:models\index.js
FN:21,(anonymous_0)
FN:29,(anonymous_1)
FN:34,(anonymous_2)
FNF:3
FNH:3
FNDA:2,(anonymous_0)
FNDA:1,(anonymous_1)
FNDA:1,(anonymous_2)
DA:3,1
DA:4,1
DA:5,1
DA:6,1
DA:7,1
DA:8,1
DA:9,1
DA:10,1
DA:13,1
DA:14,0
DA:16,1
DA:19,1
DA:22,2
DA:30,1
DA:31,1
DA:34,1
DA:35,1
DA:36,0
DA:40,1
DA:41,1
DA:43,1
LF:21
LH:19
BRDA:8,0,0,1
BRDA:8,0,1,0
BRDA:13,1,0,0
BRDA:13,1,1,1
BRDA:23,2,0,2
BRDA:23,2,1,2
BRDA:23,2,2,1
BRDA:23,2,3,1
BRDA:35,3,0,0
BRDA:35,3,1,1
BRF:10
BRH:7
end_of_record
TN:
SF:models\transaction.js
FN:3,(anonymous_0)
FNF:1
FNH:1
FNDA:1,(anonymous_0)
DA:3,1
DA:4,1
DA:46,1
LF:3
LH:3
BRF:0
BRH:0
end_of_record
TN:
SF:routes\transactionRoutes.ts
FNF:0
FNH:0
DA:1,1
DA:2,1
DA:10,1
DA:12,1
DA:13,1
DA:14,1
DA:15,1
DA:16,1
DA:18,1
LF:9
LH:9
BRF:0
BRH:0
end_of_record
TN:
SF:services\transactionScheduler.ts
FN:6,(anonymous_8)
FN:17,(anonymous_9)
FN:17,(anonymous_10)
FN:48,(anonymous_11)
FN:48,(anonymous_12)
FN:62,(anonymous_13)
FNF:6
FNH:0
FNDA:0,(anonymous_8)
FNDA:0,(anonymous_9)
FNDA:0,(anonymous_10)
FNDA:0,(anonymous_11)
FNDA:0,(anonymous_12)
FNDA:0,(anonymous_13)
DA:1,1
DA:2,1
DA:3,1
DA:4,1
DA:6,1
DA:7,0
DA:17,1
DA:18,0
DA:20,0
DA:25,0
DA:30,0
DA:31,0
DA:32,0
DA:36,0
DA:37,0
DA:38,0
DA:40,0
DA:43,0
DA:48,1
DA:49,0
DA:50,0
DA:51,0
DA:54,0
DA:55,0
DA:56,0
DA:58,0
DA:62,0
DA:64,0
DA:68,1
LF:29
LH:8
BRDA:30,0,0,0
BRDA:37,1,0,0
BRDA:37,1,1,0
BRDA:55,2,0,0
BRDA:55,2,1,0
BRF:5
BRH:0
end_of_record
TN:
SF:utils\validation.ts
FN:1,(anonymous_0)
FNF:1
FNH:0
FNDA:0,(anonymous_0)
DA:1,1
DA:6,0
DA:7,0
DA:9,0
DA:10,0
DA:12,0
DA:13,0
DA:15,0
LF:8
LH:1
BRDA:6,0,0,0
BRDA:6,1,0,0
BRDA:6,1,1,0
BRDA:9,2,0,0
BRDA:9,3,0,0
BRDA:9,3,1,0
BRDA:12,4,0,0
BRDA:12,5,0,0
BRDA:12,5,1,0
BRF:9
BRH:0
end_of_record
